This is pdfTeX, Version 3.14159265-2.6-1.40.21 (TeX Live 2020) (preloaded format=pdflatex 2020.4.7)  24 SEP 2020 15:35
entering extended mode
 restricted \write18 enabled.
 file:line:error style messages enabled.
 %&-line parsing enabled.
**HW_3latex.tex
(./HW_3latex.tex
LaTeX2e <2020-02-02> patch level 5
L3 programming layer <2020-03-06>
(/usr/local/texlive/2020/texmf-dist/tex/latex/base/article.cls
Document Class: article 2019/12/20 v1.4l Standard LaTeX document class
(/usr/local/texlive/2020/texmf-dist/tex/latex/base/size10.clo
File: size10.clo 2019/12/20 v1.4l Standard LaTeX file (size option)
)
\c@part=\count167
\c@section=\count168
\c@subsection=\count169
\c@subsubsection=\count170
\c@paragraph=\count171
\c@subparagraph=\count172
\c@figure=\count173
\c@table=\count174
\abovecaptionskip=\skip47
\belowcaptionskip=\skip48
\bibindent=\dimen134
)
(/usr/local/texlive/2020/texmf-dist/tex/latex/base/inputenc.sty
Package: inputenc 2018/08/11 v1.3c Input encoding file
\inpenc@prehook=\toks15
\inpenc@posthook=\toks16
)
(/usr/local/texlive/2020/texmf-dist/tex/generic/babel/babel.sty
Package: babel 2020/03/22 3.42 The Babel package

(/usr/local/texlive/2020/texmf-dist/tex/generic/babel/switch.def
File: switch.def 2020/03/22 3.42 Babel switching mechanism
)
(/usr/local/texlive/2020/texmf-dist/tex/generic/babel-english/english.ldf
Language: english 2017/06/06 v3.3r English support from the babel system

(/usr/local/texlive/2020/texmf-dist/tex/generic/babel/babel.def
File: babel.def 2020/03/22 3.42 Babel common definitions
\babel@savecnt=\count175
\U@D=\dimen135

(/usr/local/texlive/2020/texmf-dist/tex/generic/babel/txtbabel.def)
\bbl@readstream=\read2
\bbl@dirlevel=\count176
)
Package babel Info: \l@canadian = using hyphenrules for english
(babel)             (\language0) on input line 102.
Package babel Info: \l@australian = using hyphenrules for ukenglish
(babel)             (\language21) on input line 105.
Package babel Info: \l@newzealand = using hyphenrules for ukenglish
(babel)             (\language21) on input line 108.
))
(/usr/local/texlive/2020/texmf-dist/tex/latex/amscls/amsthm.sty
Package: amsthm 2017/10/31 v2.20.4
\thm@style=\toks17
\thm@bodyfont=\toks18
\thm@headfont=\toks19
\thm@notefont=\toks20
\thm@headpunct=\toks21
\thm@preskip=\skip49
\thm@postskip=\skip50
\thm@headsep=\skip51
\dth@everypar=\toks22
)
(/usr/local/texlive/2020/texmf-dist/tex/latex/amsfonts/amssymb.sty
Package: amssymb 2013/01/14 v3.01 AMS font symbols

(/usr/local/texlive/2020/texmf-dist/tex/latex/amsfonts/amsfonts.sty
Package: amsfonts 2013/01/14 v3.01 Basic AMSFonts support
\@emptytoks=\toks23
\symAMSa=\mathgroup4
\symAMSb=\mathgroup5
LaTeX Font Info:    Redeclaring math symbol \hbar on input line 98.
LaTeX Font Info:    Overwriting math alphabet `\mathfrak' in version `bold'
(Font)                  U/euf/m/n --> U/euf/b/n on input line 106.
))
(/usr/local/texlive/2020/texmf-dist/tex/latex/graphics/graphicx.sty
Package: graphicx 2019/11/30 v1.2a Enhanced LaTeX Graphics (DPC,SPQR)

(/usr/local/texlive/2020/texmf-dist/tex/latex/graphics/keyval.sty
Package: keyval 2014/10/28 v1.15 key=value parser (DPC)
\KV@toks@=\toks24
)
(/usr/local/texlive/2020/texmf-dist/tex/latex/graphics/graphics.sty
Package: graphics 2019/11/30 v1.4a Standard LaTeX Graphics (DPC,SPQR)

(/usr/local/texlive/2020/texmf-dist/tex/latex/graphics/trig.sty
Package: trig 2016/01/03 v1.10 sin cos tan (DPC)
)
(/usr/local/texlive/2020/texmf-dist/tex/latex/graphics-cfg/graphics.cfg
File: graphics.cfg 2016/06/04 v1.11 sample graphics configuration
)
Package graphics Info: Driver file: pdftex.def on input line 105.

(/usr/local/texlive/2020/texmf-dist/tex/latex/graphics-def/pdftex.def
File: pdftex.def 2018/01/08 v1.0l Graphics/color driver for pdftex
))
\Gin@req@height=\dimen136
\Gin@req@width=\dimen137
)
(/usr/local/texlive/2020/texmf-dist/tex/latex/hyperref/hyperref.sty
Package: hyperref 2020/01/14 v7.00d Hypertext links for LaTeX

(/usr/local/texlive/2020/texmf-dist/tex/generic/ltxcmds/ltxcmds.sty
Package: ltxcmds 2019/12/15 v1.24 LaTeX kernel commands for general use (HO)
)
(/usr/local/texlive/2020/texmf-dist/tex/generic/iftex/iftex.sty
Package: iftex 2020/03/06 v1.0d TeX engine tests
)
(/usr/local/texlive/2020/texmf-dist/tex/latex/pdftexcmds/pdftexcmds.sty
Package: pdftexcmds 2019/11/24 v0.31 Utility functions of pdfTeX for LuaTeX (HO
)

(/usr/local/texlive/2020/texmf-dist/tex/generic/infwarerr/infwarerr.sty
Package: infwarerr 2019/12/03 v1.5 Providing info/warning/error messages (HO)
)
Package pdftexcmds Info: \pdf@primitive is available.
Package pdftexcmds Info: \pdf@ifprimitive is available.
Package pdftexcmds Info: \pdfdraftmode found.
)
(/usr/local/texlive/2020/texmf-dist/tex/generic/kvsetkeys/kvsetkeys.sty
Package: kvsetkeys 2019/12/15 v1.18 Key value parser (HO)
)
(/usr/local/texlive/2020/texmf-dist/tex/generic/kvdefinekeys/kvdefinekeys.sty
Package: kvdefinekeys 2019-12-19 v1.6 Define keys (HO)
)
(/usr/local/texlive/2020/texmf-dist/tex/generic/pdfescape/pdfescape.sty
Package: pdfescape 2019/12/09 v1.15 Implements pdfTeX's escape features (HO)
)
(/usr/local/texlive/2020/texmf-dist/tex/latex/hycolor/hycolor.sty
Package: hycolor 2020-01-27 v1.10 Color options for hyperref/bookmark (HO)
)
(/usr/local/texlive/2020/texmf-dist/tex/latex/letltxmacro/letltxmacro.sty
Package: letltxmacro 2019/12/03 v1.6 Let assignment for LaTeX macros (HO)
)
(/usr/local/texlive/2020/texmf-dist/tex/latex/auxhook/auxhook.sty
Package: auxhook 2019-12-17 v1.6 Hooks for auxiliary files (HO)
)
(/usr/local/texlive/2020/texmf-dist/tex/latex/kvoptions/kvoptions.sty
Package: kvoptions 2019/11/29 v3.13 Key value format for package options (HO)
)
\@linkdim=\dimen138
\Hy@linkcounter=\count177
\Hy@pagecounter=\count178

(/usr/local/texlive/2020/texmf-dist/tex/latex/hyperref/pd1enc.def
File: pd1enc.def 2020/01/14 v7.00d Hyperref: PDFDocEncoding definition (HO)
Now handling font encoding PD1 ...
... no UTF-8 mapping file for font encoding PD1
)
(/usr/local/texlive/2020/texmf-dist/tex/generic/intcalc/intcalc.sty
Package: intcalc 2019/12/15 v1.3 Expandable calculations with integers (HO)
)
(/usr/local/texlive/2020/texmf-dist/tex/generic/etexcmds/etexcmds.sty
Package: etexcmds 2019/12/15 v1.7 Avoid name clashes with e-TeX commands (HO)
)
\Hy@SavedSpaceFactor=\count179
Package hyperref Info: Hyper figures OFF on input line 4547.
Package hyperref Info: Link nesting OFF on input line 4552.
Package hyperref Info: Hyper index ON on input line 4555.
Package hyperref Info: Plain pages OFF on input line 4562.
Package hyperref Info: Backreferencing OFF on input line 4567.
Package hyperref Info: Implicit mode ON; LaTeX internals redefined.
Package hyperref Info: Bookmarks ON on input line 4800.
\c@Hy@tempcnt=\count180

(/usr/local/texlive/2020/texmf-dist/tex/latex/url/url.sty
\Urlmuskip=\muskip16
Package: url 2013/09/16  ver 3.4  Verb mode for urls, etc.
)
LaTeX Info: Redefining \url on input line 5159.
\XeTeXLinkMargin=\dimen139

(/usr/local/texlive/2020/texmf-dist/tex/generic/bitset/bitset.sty
Package: bitset 2019/12/09 v1.3 Handle bit-vector datatype (HO)

(/usr/local/texlive/2020/texmf-dist/tex/generic/bigintcalc/bigintcalc.sty
Package: bigintcalc 2019/12/15 v1.5 Expandable calculations on big integers (HO
)
))
\Fld@menulength=\count181
\Field@Width=\dimen140
\Fld@charsize=\dimen141
Package hyperref Info: Hyper figures OFF on input line 6430.
Package hyperref Info: Link nesting OFF on input line 6435.
Package hyperref Info: Hyper index ON on input line 6438.
Package hyperref Info: backreferencing OFF on input line 6445.
Package hyperref Info: Link coloring OFF on input line 6450.
Package hyperref Info: Link coloring with OCG OFF on input line 6455.
Package hyperref Info: PDF/A mode OFF on input line 6460.
LaTeX Info: Redefining \ref on input line 6500.
LaTeX Info: Redefining \pageref on input line 6504.

(/usr/local/texlive/2020/texmf-dist/tex/generic/atbegshi/atbegshi.sty
Package: atbegshi 2019/12/05 v1.19 At begin shipout hook (HO)
)
\Hy@abspage=\count182
\c@Item=\count183
\c@Hfootnote=\count184
)
Package hyperref Info: Driver (autodetected): hpdftex.

(/usr/local/texlive/2020/texmf-dist/tex/latex/hyperref/hpdftex.def
File: hpdftex.def 2020/01/14 v7.00d Hyperref driver for pdfTeX

(/usr/local/texlive/2020/texmf-dist/tex/latex/atveryend/atveryend.sty
Package: atveryend 2019-12-11 v1.11 Hooks at the very end of document (HO)
Package atveryend Info: \enddocument detected (standard20110627).
)
\Fld@listcount=\count185
\c@bookmark@seq@number=\count186

(/usr/local/texlive/2020/texmf-dist/tex/latex/rerunfilecheck/rerunfilecheck.sty
Package: rerunfilecheck 2019/12/05 v1.9 Rerun checks for auxiliary files (HO)

(/usr/local/texlive/2020/texmf-dist/tex/generic/uniquecounter/uniquecounter.sty
Package: uniquecounter 2019/12/15 v1.4 Provide unlimited unique counter (HO)
)
Package uniquecounter Info: New unique counter `rerunfilecheck' on input line 2
86.
)
\Hy@SectionHShift=\skip52
) (/usr/local/texlive/2020/texmf-dist/tex/latex/tools/multicol.sty
Package: multicol 2019/12/09 v1.8y multicolumn formatting (FMi)
\c@tracingmulticols=\count187
\mult@box=\box45
\multicol@leftmargin=\dimen142
\c@unbalance=\count188
\c@collectmore=\count189
\doublecol@number=\count190
\multicoltolerance=\count191
\multicolpretolerance=\count192
\full@width=\dimen143
\page@free=\dimen144
\premulticols=\dimen145
\postmulticols=\dimen146
\multicolsep=\skip53
\multicolbaselineskip=\skip54
\partial@page=\box46
\last@line=\box47
\maxbalancingoverflow=\dimen147
\mult@rightbox=\box48
\mult@grightbox=\box49
\mult@gfirstbox=\box50
\mult@firstbox=\box51
\@tempa=\box52
\@tempa=\box53
\@tempa=\box54
\@tempa=\box55
\@tempa=\box56
\@tempa=\box57
\@tempa=\box58
\@tempa=\box59
\@tempa=\box60
\@tempa=\box61
\@tempa=\box62
\@tempa=\box63
\@tempa=\box64
\@tempa=\box65
\@tempa=\box66
\@tempa=\box67
\@tempa=\box68
\@tempa=\box69
\@tempa=\box70
\@tempa=\box71
\@tempa=\box72
\@tempa=\box73
\@tempa=\box74
\@tempa=\box75
\@tempa=\box76
\@tempa=\box77
\@tempa=\box78
\@tempa=\box79
\@tempa=\box80
\@tempa=\box81
\@tempa=\box82
\@tempa=\box83
\@tempa=\box84
\@tempa=\box85
\@tempa=\box86
\@tempa=\box87
\@tempa=\box88
\c@minrows=\count193
\c@columnbadness=\count194
\c@finalcolumnbadness=\count195
\last@try=\dimen148
\multicolovershoot=\dimen149
\multicolundershoot=\dimen150
\mult@nat@firstbox=\box89
\colbreak@box=\box90
\mc@col@check@num=\count196
)
(/usr/local/texlive/2020/texmf-dist/tex/latex/l3backend/l3backend-pdfmode.def
File: l3backend-pdfmode.def 2020-03-12 L3 backend support: PDF mode
\l__kernel_color_stack_int=\count197
\l__pdf_internal_box=\box91
)
(./HW_3latex.aux)
\openout1 = `HW_3latex.aux'.

LaTeX Font Info:    Checking defaults for OML/cmm/m/it on input line 18.
LaTeX Font Info:    ... okay on input line 18.
LaTeX Font Info:    Checking defaults for OMS/cmsy/m/n on input line 18.
LaTeX Font Info:    ... okay on input line 18.
LaTeX Font Info:    Checking defaults for OT1/cmr/m/n on input line 18.
LaTeX Font Info:    ... okay on input line 18.
LaTeX Font Info:    Checking defaults for T1/cmr/m/n on input line 18.
LaTeX Font Info:    ... okay on input line 18.
LaTeX Font Info:    Checking defaults for TS1/cmr/m/n on input line 18.
LaTeX Font Info:    ... okay on input line 18.
LaTeX Font Info:    Checking defaults for OMX/cmex/m/n on input line 18.
LaTeX Font Info:    ... okay on input line 18.
LaTeX Font Info:    Checking defaults for U/cmr/m/n on input line 18.
LaTeX Font Info:    ... okay on input line 18.
LaTeX Font Info:    Checking defaults for PD1/pdf/m/n on input line 18.
LaTeX Font Info:    ... okay on input line 18.

(/usr/local/texlive/2020/texmf-dist/tex/context/base/mkii/supp-pdf.mkii
[Loading MPS to PDF converter (version 2006.09.02).]
\scratchcounter=\count198
\scratchdimen=\dimen151
\scratchbox=\box92
\nofMPsegments=\count199
\nofMParguments=\count266
\everyMPshowfont=\toks25
\MPscratchCnt=\count267
\MPscratchDim=\dimen152
\MPnumerator=\count268
\makeMPintoPDFobject=\count269
\everyMPtoPDFconversion=\toks26
) (/usr/local/texlive/2020/texmf-dist/tex/latex/epstopdf-pkg/epstopdf-base.sty
Package: epstopdf-base 2020-01-24 v2.11 Base part for package epstopdf
Package epstopdf-base Info: Redefining graphics rule for `.eps' on input line 4
85.

(/usr/local/texlive/2020/texmf-dist/tex/latex/latexconfig/epstopdf-sys.cfg
File: epstopdf-sys.cfg 2010/07/13 v1.3 Configuration of (r)epstopdf for TeX Liv
e
))
\AtBeginShipoutBox=\box93
Package hyperref Info: Link coloring OFF on input line 18.

(/usr/local/texlive/2020/texmf-dist/tex/latex/hyperref/nameref.sty
Package: nameref 2019/09/16 v2.46 Cross-referencing by name of section

(/usr/local/texlive/2020/texmf-dist/tex/latex/refcount/refcount.sty
Package: refcount 2019/12/15 v3.6 Data extraction from label references (HO)
)
(/usr/local/texlive/2020/texmf-dist/tex/generic/gettitlestring/gettitlestring.s
ty
Package: gettitlestring 2019/12/15 v1.6 Cleanup title references (HO)
)
\c@section@level=\count270
)
LaTeX Info: Redefining \ref on input line 18.
LaTeX Info: Redefining \pageref on input line 18.
LaTeX Info: Redefining \nameref on input line 18.
 (./HW_3latex.out) (./HW_3latex.out)
\@outlinefile=\write3
\openout3 = `HW_3latex.out'.

LaTeX Font Info:    Trying to load font information for U+msa on input line 20.


(/usr/local/texlive/2020/texmf-dist/tex/latex/amsfonts/umsa.fd
File: umsa.fd 2013/01/14 v3.01 AMS symbols A
)
LaTeX Font Info:    Trying to load font information for U+msb on input line 20.


(/usr/local/texlive/2020/texmf-dist/tex/latex/amsfonts/umsb.fd
File: umsb.fd 2013/01/14 v3.01 AMS symbols B
)
Underfull \hbox (badness 10000) in paragraph at lines 29--34

 []

</Users/aj3008/Desktop/MS_3rd_Sem/Comp_methods_in_AST/Comp_methods/Hw_3/Latex/I
mages/pb1.png, id=9, 494.84875pt x 293.59688pt>
File: /Users/aj3008/Desktop/MS_3rd_Sem/Comp_methods_in_AST/Comp_methods/Hw_3/La
tex/Images/pb1.png Graphic file (type png)
<use /Users/aj3008/Desktop/MS_3rd_Sem/Comp_methods_in_AST/Comp_methods/Hw_3/Lat
ex/Images/pb1.png>
Package pdftex.def Info: /Users/aj3008/Desktop/MS_3rd_Sem/Comp_methods_in_AST/C
omp_methods/Hw_3/Latex/Images/pb1.png  used on input line 35.
(pdftex.def)             Requested size: 247.42377pt x 146.79807pt.
[1

{/usr/local/texlive/2020/texmf-var/fonts/map/pdftex/updmap/pdftex.map} </Users/
aj3008/Desktop/MS_3rd_Sem/Comp_methods_in_AST/Comp_methods/Hw_3/Latex/Images/pb
1.png>]
Overfull \hbox (48.39058pt too wide) in paragraph at lines 46--47
\OT1/cmr/m/n/10 took 8 tem-per-a-ture val-ues. They are $\OML/cmm/m/it/10 T \OT
1/cmr/m/n/10 = [273\OML/cmm/m/it/10 ; \OT1/cmr/m/n/10 1000\OML/cmm/m/it/10 ; \O
T1/cmr/m/n/10 4000\OML/cmm/m/it/10 ; \OT1/cmr/m/n/10 8000\OML/cmm/m/it/10 ; \OT
1/cmr/m/n/10 10000\OML/cmm/m/it/10 ; \OT1/cmr/m/n/10 30000\OML/cmm/m/it/10 ; \O
T1/cmr/m/n/10 50000\OML/cmm/m/it/10 ; \OT1/cmr/m/n/10 60000]$.
 []

</Users/aj3008/Desktop/MS_3rd_Sem/Comp_methods_in_AST/Comp_methods/Hw_3/Latex/I
mages/Pattern.png, id=23, 654.445pt x 349.305pt>
File: /Users/aj3008/Desktop/MS_3rd_Sem/Comp_methods_in_AST/Comp_methods/Hw_3/La
tex/Images/Pattern.png Graphic file (type png)
<use /Users/aj3008/Desktop/MS_3rd_Sem/Comp_methods_in_AST/Comp_methods/Hw_3/Lat
ex/Images/Pattern.png>
Package pdftex.def Info: /Users/aj3008/Desktop/MS_3rd_Sem/Comp_methods_in_AST/C
omp_methods/Hw_3/Latex/Images/Pattern.png  used on input line 49.
(pdftex.def)             Requested size: 327.2217pt x 174.65207pt.
</Users/aj3008/Desktop/MS_3rd_Sem/Comp_methods_in_AST/Comp_methods/Hw_3/Latex/I
mages/pb2.png, id=24, 433.62pt x 289.08pt>
File: /Users/aj3008/Desktop/MS_3rd_Sem/Comp_methods_in_AST/Comp_methods/Hw_3/La
tex/Images/pb2.png Graphic file (type png)
<use /Users/aj3008/Desktop/MS_3rd_Sem/Comp_methods_in_AST/Comp_methods/Hw_3/Lat
ex/Images/pb2.png>
Package pdftex.def Info: /Users/aj3008/Desktop/MS_3rd_Sem/Comp_methods_in_AST/C
omp_methods/Hw_3/Latex/Images/pb2.png  used on input line 56.
(pdftex.def)             Requested size: 390.2544pt x 260.16959pt.

Overfull \hbox (45.2544pt too wide) in paragraph at lines 56--57
 [] 
 []

[2

 </Users/aj3008/Desktop/MS_3rd_Sem/Comp_methods_in_AST/Comp_methods/Hw_3/Latex/
Images/Pattern.png>] [3 </Users/aj3008/Desktop/MS_3rd_Sem/Comp_methods_in_AST/C
omp_methods/Hw_3/Latex/Images/pb2.png>]
Overfull \hbox (15.98pt too wide) in paragraph at lines 68--78
\OML/cmm/m/it/10 x[]$\OT1/cmr/m/n/10 =initial x value $\OML/cmm/m/it/10 y[]$\OT
1/cmr/m/n/10 =initial y value $\OML/cmm/m/it/10 f$\OT1/cmr/m/n/10 =function of 
x,y,t h=step size k=number
 []


Underfull \hbox (badness 10000) in paragraph at lines 112--116

 []

</Users/aj3008/Desktop/MS_3rd_Sem/Comp_methods_in_AST/Comp_methods/Hw_3/Latex/I
mages/pb4.png, id=36, 433.62pt x 289.08pt>
File: /Users/aj3008/Desktop/MS_3rd_Sem/Comp_methods_in_AST/Comp_methods/Hw_3/La
tex/Images/pb4.png Graphic file (type png)
<use /Users/aj3008/Desktop/MS_3rd_Sem/Comp_methods_in_AST/Comp_methods/Hw_3/Lat
ex/Images/pb4.png>
Package pdftex.def Info: /Users/aj3008/Desktop/MS_3rd_Sem/Comp_methods_in_AST/C
omp_methods/Hw_3/Latex/Images/pb4.png  used on input line 120.
(pdftex.def)             Requested size: 151.76927pt x 101.1795pt.
</Users/aj3008/Desktop/MS_3rd_Sem/Comp_methods_in_AST/Comp_methods/Hw_3/Latex/I
mages/pb4_1.png, id=37, 433.62pt x 289.08pt>
File: /Users/aj3008/Desktop/MS_3rd_Sem/Comp_methods_in_AST/Comp_methods/Hw_3/La
tex/Images/pb4_1.png Graphic file (type png)
<use /Users/aj3008/Desktop/MS_3rd_Sem/Comp_methods_in_AST/Comp_methods/Hw_3/Lat
ex/Images/pb4_1.png>
Package pdftex.def Info: /Users/aj3008/Desktop/MS_3rd_Sem/Comp_methods_in_AST/C
omp_methods/Hw_3/Latex/Images/pb4_1.png  used on input line 121.
(pdftex.def)             Requested size: 151.76927pt x 101.1795pt.
[4

 </Users/aj3008/Desktop/MS_3rd_Sem/Comp_methods_in_AST/Comp_methods/Hw_3/Latex/
Images/pb4.png> </Users/aj3008/Desktop/MS_3rd_Sem/Comp_methods_in_AST/Comp_meth
ods/Hw_3/Latex/Images/pb4_1.png>]
</Users/aj3008/Desktop/MS_3rd_Sem/Comp_methods_in_AST/Comp_methods/Hw_3/Latex/I
mages/pb5_e.png, id=46, 433.62pt x 289.08pt>
File: /Users/aj3008/Desktop/MS_3rd_Sem/Comp_methods_in_AST/Comp_methods/Hw_3/La
tex/Images/pb5_e.png Graphic file (type png)
<use /Users/aj3008/Desktop/MS_3rd_Sem/Comp_methods_in_AST/Comp_methods/Hw_3/Lat
ex/Images/pb5_e.png>
Package pdftex.def Info: /Users/aj3008/Desktop/MS_3rd_Sem/Comp_methods_in_AST/C
omp_methods/Hw_3/Latex/Images/pb5_e.png  used on input line 135.
(pdftex.def)             Requested size: 151.76927pt x 101.1795pt.
</Users/aj3008/Desktop/MS_3rd_Sem/Comp_methods_in_AST/Comp_methods/Hw_3/Latex/I
mages/pb5_r.png, id=47, 433.62pt x 289.08pt>
File: /Users/aj3008/Desktop/MS_3rd_Sem/Comp_methods_in_AST/Comp_methods/Hw_3/La
tex/Images/pb5_r.png Graphic file (type png)
<use /Users/aj3008/Desktop/MS_3rd_Sem/Comp_methods_in_AST/Comp_methods/Hw_3/Lat
ex/Images/pb5_r.png>
Package pdftex.def Info: /Users/aj3008/Desktop/MS_3rd_Sem/Comp_methods_in_AST/C
omp_methods/Hw_3/Latex/Images/pb5_r.png  used on input line 136.
(pdftex.def)             Requested size: 151.76927pt x 101.1795pt.
</Users/aj3008/Desktop/MS_3rd_Sem/Comp_methods_in_AST/Comp_methods/Hw_3/Latex/I
mages/pb5_h.png, id=48, 433.62pt x 289.08pt>
File: /Users/aj3008/Desktop/MS_3rd_Sem/Comp_methods_in_AST/Comp_methods/Hw_3/La
tex/Images/pb5_h.png Graphic file (type png)
<use /Users/aj3008/Desktop/MS_3rd_Sem/Comp_methods_in_AST/Comp_methods/Hw_3/Lat
ex/Images/pb5_h.png>
Package pdftex.def Info: /Users/aj3008/Desktop/MS_3rd_Sem/Comp_methods_in_AST/C
omp_methods/Hw_3/Latex/Images/pb5_h.png  used on input line 137.
(pdftex.def)             Requested size: 151.76927pt x 101.1795pt.


./HW_3latex.tex:159: LaTeX Error: \begin{document} ended by \end{center}.

See the LaTeX manual or LaTeX Companion for explanation.
Type  H <return>  for immediate help.
 ...                                              
                                                  
l.159 \end{center}
                  
? 
./HW_3latex.tex:159: Extra \endgroup.
<recently read> \endgroup 
                          
l.159 \end{center}
                  
? 
Package atveryend Info: Empty hook `BeforeClearDocument' on input line 162.
[5

 </Users/aj3008/Desktop/MS_3rd_Sem/Comp_methods_in_AST/Comp_methods/Hw_3/Latex/
Images/pb5_e.png> </Users/aj3008/Desktop/MS_3rd_Sem/Comp_methods_in_AST/Comp_me
thods/Hw_3/Latex/Images/pb5_r.png> </Users/aj3008/Desktop/MS_3rd_Sem/Comp_metho
ds_in_AST/Comp_methods/Hw_3/Latex/Images/pb5_h.png>]
Package atveryend Info: Empty hook `AfterLastShipout' on input line 162.
 (./HW_3latex.aux)
Package atveryend Info: Executing hook `AtVeryEndDocument' on input line 162.
Package atveryend Info: Executing hook `AtEndAfterFileList' on input line 162.
Package rerunfilecheck Info: File `HW_3latex.out' has not changed.
(rerunfilecheck)             Checksum: 675B720D07AD4BBF73E623EB8F0BC479;43.
Package atveryend Info: Empty hook `AtVeryVeryEnd' on input line 162.
 ) 
Here is how much of TeX's memory you used:
 6575 strings out of 480608
 103384 string characters out of 5903631
 368945 words of memory out of 5000000
 22334 multiletter control sequences out of 15000+600000
 540397 words of font info for 56 fonts, out of 8000000 for 9000
 1141 hyphenation exceptions out of 8191
 34i,6n,31p,697b,390s stack positions out of 5000i,500n,10000p,200000b,80000s
{/usr/local/texlive/2020/texmf-dist/fonts/enc/dvips/cm-super/cm-super-ts1.enc
}</usr/local/texlive/2020/texmf-dist/fonts/type1/public/amsfonts/cm/cmbx10.pfb>
</usr/local/texlive/2020/texmf-dist/fonts/type1/public/amsfonts/cm/cmbx12.pfb><
/usr/local/texlive/2020/texmf-dist/fonts/type1/public/amsfonts/cm/cmmi10.pfb></
usr/local/texlive/2020/texmf-dist/fonts/type1/public/amsfonts/cm/cmr10.pfb></us
r/local/texlive/2020/texmf-dist/fonts/type1/public/amsfonts/cm/cmr12.pfb></usr/
local/texlive/2020/texmf-dist/fonts/type1/public/amsfonts/cm/cmr17.pfb></usr/lo
cal/texlive/2020/texmf-dist/fonts/type1/public/amsfonts/cm/cmr7.pfb></usr/local
/texlive/2020/texmf-dist/fonts/type1/public/amsfonts/cm/cmtt10.pfb></usr/local/
texlive/2020/texmf-dist/fonts/type1/public/cm-super/sfrm1000.pfb>
Output written on HW_3latex.pdf (5 pages, 333206 bytes).
PDF statistics:
 91 PDF objects out of 1000 (max. 8388607)
 58 compressed objects within 1 object stream
 7 named destinations out of 1000 (max. 500000)
 49 words of extra memory for PDF output out of 10000 (max. 10000000)

